<?xml version="1.0" encoding="UTF-8"?>
<testng-results ignored="0" total="2" passed="2" failed="0" skipped="0">
  <reporter-output>
  </reporter-output>
  <suite started-at="2023-05-28T11:32:23 IST" name="Suite" finished-at="2023-05-28T11:32:32 IST" duration-ms="8693">
    <groups>
    </groups>
    <test started-at="2023-05-28T11:32:23 IST" name="Test" finished-at="2023-05-28T11:32:32 IST" duration-ms="8693">
      <class name="testCase.Pr_test1">
        <test-method signature="execute()[pri:0, instance:testCase.Pr_test1@225129c]" started-at="2023-05-28T11:32:23 IST" name="execute" finished-at="2023-05-28T11:32:30 IST" duration-ms="6398" status="PASS">
          <reporter-output>
          </reporter-output>
        </test-method> <!-- execute -->
      </class> <!-- testCase.Pr_test1 -->
      <class name="testCase.Pr_test2">
        <test-method signature="execute()[pri:0, instance:testCase.Pr_test2@20f5281c]" started-at="2023-05-28T11:32:30 IST" name="execute" finished-at="2023-05-28T11:32:32 IST" duration-ms="2132" status="PASS">
          <reporter-output>
          </reporter-output>
        </test-method> <!-- execute -->
      </class> <!-- testCase.Pr_test2 -->
    </test> <!-- Test -->
  </suite> <!-- Suite -->
</testng-results>
